Build started 9.07.2024 01:02:13.
     1>Project "C:\Users\TEMP.DESKTOP-6A7HT7G.000\Documents\Sabanci-CS201-Takehome\takehome 5\takehome 5\takehome 5.vcxproj" on node 2 (Build target(s)).
     1>ClCompile:
         C:\Program Files (x86)\Microsoft Visual Studio 11.0\VC\bin\CL.exe /c /ZI /nologo /W3 /WX- /Od /Oy- /D "WIN32" /D _DEBUG /D _CONSOLE /D "_UNICODE" /D "UNICODE" /Gm /EHsc /RTC1 /MDd /GS /fp:precise /Zc:wchar_t /Zc:forScope /Fo"Debug\\" /Fd"Debug\vc110.pdb" /Gd /TP /analyze- /errorReport:prompt movie.cpp strutils.cpp uulas_hw5.cpp
         uulas_hw5.cpp
     1>c:\users\temp.desktop-6a7ht7g.000\documents\sabanci-cs201-takehome\takehome 5\takehome 5\uulas_hw5.cpp(39): warning C4018: '<' : signed/unsigned mismatch
     1>c:\users\temp.desktop-6a7ht7g.000\documents\sabanci-cs201-takehome\takehome 5\takehome 5\uulas_hw5.cpp(40): warning C4018: '<' : signed/unsigned mismatch
     1>c:\users\temp.desktop-6a7ht7g.000\documents\sabanci-cs201-takehome\takehome 5\takehome 5\uulas_hw5.cpp(55): warning C4018: '<' : signed/unsigned mismatch
     1>c:\users\temp.desktop-6a7ht7g.000\documents\sabanci-cs201-takehome\takehome 5\takehome 5\uulas_hw5.cpp(82): warning C4018: '<' : signed/unsigned mismatch
     1>c:\users\temp.desktop-6a7ht7g.000\documents\sabanci-cs201-takehome\takehome 5\takehome 5\uulas_hw5.cpp(95): warning C4018: '<' : signed/unsigned mismatch
     1>c:\users\temp.desktop-6a7ht7g.000\documents\sabanci-cs201-takehome\takehome 5\takehome 5\uulas_hw5.cpp(107): warning C4018: '<' : signed/unsigned mismatch
     1>c:\users\temp.desktop-6a7ht7g.000\documents\sabanci-cs201-takehome\takehome 5\takehome 5\uulas_hw5.cpp(116): warning C4018: '<' : signed/unsigned mismatch
     1>c:\users\temp.desktop-6a7ht7g.000\documents\sabanci-cs201-takehome\takehome 5\takehome 5\uulas_hw5.cpp(128): warning C4018: '<' : signed/unsigned mismatch
     1>c:\users\temp.desktop-6a7ht7g.000\documents\sabanci-cs201-takehome\takehome 5\takehome 5\uulas_hw5.cpp(135): warning C4018: '<' : signed/unsigned mismatch
         strutils.cpp
         movie.cpp
         Generating Code...
       Link:
         C:\Program Files (x86)\Microsoft Visual Studio 11.0\VC\bin\link.exe /ERRORREPORT:PROMPT /OUT:"C:\Users\TEMP.DESKTOP-6A7HT7G.000\Documents\Sabanci-CS201-Takehome\takehome 5\Debug\takehome 5.exe" /INCREMENTAL /NOLOGO kernel32.lib user32.lib gdi32.lib winspool.lib comdlg32.lib advapi32.lib shell32.lib ole32.lib oleaut32.lib uuid.lib odbc32.lib odbccp32.lib /MANIFEST /MANIFESTUAC:"level='asInvoker' uiAccess='false'" /manifest:embed /DEBUG /PDB:"C:\Users\TEMP.DESKTOP-6A7HT7G.000\Documents\Sabanci-CS201-Takehome\takehome 5\Debug\takehome 5.pdb" /SUBSYSTEM:CONSOLE /TLBID:1 /DYNAMICBASE /NXCOMPAT /IMPLIB:"C:\Users\TEMP.DESKTOP-6A7HT7G.000\Documents\Sabanci-CS201-Takehome\takehome 5\Debug\takehome 5.lib" /MACHINE:X86 Debug\movie.obj
         Debug\strutils.obj
         Debug\uulas_hw5.obj
         takehome 5.vcxproj -> C:\Users\TEMP.DESKTOP-6A7HT7G.000\Documents\Sabanci-CS201-Takehome\takehome 5\Debug\takehome 5.exe
     1>Done Building Project "C:\Users\TEMP.DESKTOP-6A7HT7G.000\Documents\Sabanci-CS201-Takehome\takehome 5\takehome 5\takehome 5.vcxproj" (Build target(s)).

Build succeeded.

Time Elapsed 00:00:01.03
