Build started 9.07.2024 01:00:22.
     1>Project "C:\Users\TEMP.DESKTOP-6A7HT7G.000\Documents\Sabanci-CS201-Takehome\Takehome 4\Takehome 4\Takehome 4.vcxproj" on node 2 (Build target(s)).
     1>ClCompile:
         C:\Program Files (x86)\Microsoft Visual Studio 11.0\VC\bin\CL.exe /c /ZI /nologo /W3 /WX- /Od /Oy- /D "WIN32" /D _DEBUG /D _CONSOLE /D "_UNICODE" /D "UNICODE" /Gm /EHsc /RTC1 /MDd /GS /fp:precise /Zc:wchar_t /Zc:forScope /Fo"Debug\\" /Fd"Debug\vc110.pdb" /Gd /TP /analyze- /errorReport:prompt randgen.cpp uulas_HW4.cpp strutils.cpp
         strutils.cpp
         uulas_HW4.cpp
     1>c:\users\temp.desktop-6a7ht7g.000\documents\sabanci-cs201-takehome\takehome 4\takehome 4\uulas_hw4.cpp(17): warning C4018: '<' : signed/unsigned mismatch
     1>c:\users\temp.desktop-6a7ht7g.000\documents\sabanci-cs201-takehome\takehome 4\takehome 4\uulas_hw4.cpp(34): warning C4018: '<' : signed/unsigned mismatch
     1>c:\users\temp.desktop-6a7ht7g.000\documents\sabanci-cs201-takehome\takehome 4\takehome 4\uulas_hw4.cpp(35): warning C4018: '<' : signed/unsigned mismatch
     1>c:\users\temp.desktop-6a7ht7g.000\documents\sabanci-cs201-takehome\takehome 4\takehome 4\uulas_hw4.cpp(49): warning C4018: '<' : signed/unsigned mismatch
     1>c:\users\temp.desktop-6a7ht7g.000\documents\sabanci-cs201-takehome\takehome 4\takehome 4\uulas_hw4.cpp(57): warning C4018: '<' : signed/unsigned mismatch
     1>c:\users\temp.desktop-6a7ht7g.000\documents\sabanci-cs201-takehome\takehome 4\takehome 4\uulas_hw4.cpp(63): warning C4018: '<' : signed/unsigned mismatch
     1>c:\users\temp.desktop-6a7ht7g.000\documents\sabanci-cs201-takehome\takehome 4\takehome 4\uulas_hw4.cpp(64): warning C4018: '<' : signed/unsigned mismatch
     1>c:\users\temp.desktop-6a7ht7g.000\documents\sabanci-cs201-takehome\takehome 4\takehome 4\uulas_hw4.cpp(95): warning C4018: '<' : signed/unsigned mismatch
     1>c:\users\temp.desktop-6a7ht7g.000\documents\sabanci-cs201-takehome\takehome 4\takehome 4\uulas_hw4.cpp(119): warning C4018: '<=' : signed/unsigned mismatch
         randgen.cpp
         Generating Code...
       Link:
         C:\Program Files (x86)\Microsoft Visual Studio 11.0\VC\bin\link.exe /ERRORREPORT:PROMPT /OUT:"C:\Users\TEMP.DESKTOP-6A7HT7G.000\Documents\Sabanci-CS201-Takehome\Takehome 4\Debug\Takehome 4.exe" /INCREMENTAL /NOLOGO kernel32.lib user32.lib gdi32.lib winspool.lib comdlg32.lib advapi32.lib shell32.lib ole32.lib oleaut32.lib uuid.lib odbc32.lib odbccp32.lib /MANIFEST /MANIFESTUAC:"level='asInvoker' uiAccess='false'" /manifest:embed /DEBUG /PDB:"C:\Users\TEMP.DESKTOP-6A7HT7G.000\Documents\Sabanci-CS201-Takehome\Takehome 4\Debug\Takehome 4.pdb" /SUBSYSTEM:CONSOLE /TLBID:1 /DYNAMICBASE /NXCOMPAT /IMPLIB:"C:\Users\TEMP.DESKTOP-6A7HT7G.000\Documents\Sabanci-CS201-Takehome\Takehome 4\Debug\Takehome 4.lib" /MACHINE:X86 Debug\randgen.obj
         Debug\uulas_HW4.obj
         Debug\strutils.obj
         Takehome 4.vcxproj -> C:\Users\TEMP.DESKTOP-6A7HT7G.000\Documents\Sabanci-CS201-Takehome\Takehome 4\Debug\Takehome 4.exe
     1>Done Building Project "C:\Users\TEMP.DESKTOP-6A7HT7G.000\Documents\Sabanci-CS201-Takehome\Takehome 4\Takehome 4\Takehome 4.vcxproj" (Build target(s)).

Build succeeded.

Time Elapsed 00:00:01.09
